<?xml version="1.0" encoding="UTF-8"?>
<coverage generated="1580788364161" clover="3.2.0">
  <project timestamp="1580788364161" name="All files">
    <metrics statements="7" coveredstatements="7" conditionals="2" coveredconditionals="2" methods="1" coveredmethods="1" elements="10" coveredelements="10" complexity="0" loc="7" ncloc="7" packages="1" files="1" classes="1">
      <file name="map.js" path="C:\work\estudo\jest-tdd-pratice\src\map\map.js">
        <metrics statements="7" coveredstatements="7" conditionals="2" coveredconditionals="2" methods="1" coveredmethods="1"/>
        <line num="1" count="1" type="stmt"/>
        <line num="2" count="6" type="cond" truecount="2" falsecount="0"/>
        <line num="3" count="1" type="stmt"/>
        <line num="6" count="5" type="stmt"/>
        <line num="7" count="5" type="stmt"/>
        <line num="8" count="10" type="stmt"/>
        <line num="11" count="5" type="stmt"/>
      </file>
    </metrics>
  </project>
</coverage>
